This file contains any messages produced by compilers while
running configure, to aid debugging if configure makes a mistake.

It was created by hugo configure 2.12, which was
generated by GNU Autoconf 2.59.  Invocation command line was

  $ ./configure --no-create --no-recursion

## --------- ##
## Platform. ##
## --------- ##

hostname = ubuntu
uname -m = i686
uname -r = 2.6.32-24-generic
uname -s = Linux
uname -v = #39-Ubuntu SMP Wed Jul 28 06:07:29 UTC 2010

/usr/bin/uname -p = unknown
/bin/uname -X     = unknown

/bin/arch              = unknown
/usr/bin/arch -k       = unknown
/usr/convex/getsysinfo = unknown
hostinfo               = unknown
/bin/machine           = unknown
/usr/bin/oslevel       = unknown
/bin/universe          = unknown

PATH: /usr/local/sbin
PATH: /usr/local/bin
PATH: /usr/sbin
PATH: /usr/bin
PATH: /sbin
PATH: /bin
PATH: /usr/games


## ----------- ##
## Core tests. ##
## ----------- ##

configure:1393: checking for a BSD-compatible install
configure:1448: result: /usr/bin/install -c
configure:1459: checking whether build environment is sane
configure:1502: result: yes
configure:1527: WARNING: `missing' script is too old or missing
configure:1535: checking for gawk
configure:1551: found /usr/bin/gawk
configure:1561: result: gawk
configure:1571: checking whether make sets $(MAKE)
configure:1591: result: yes
configure:1766: checking build system type
configure:1784: result: i686-pc-linux-gnu
configure:1792: checking host system type
configure:1806: result: i686-pc-linux-gnu
configure:1814: checking target system type
configure:1828: result: i686-pc-linux-gnu
configure:1844: checking whether to enable maintainer-specific portions of Makefiles
configure:1853: result: no
configure:1916: checking for gcc
configure:1932: found /usr/bin/gcc
configure:1942: result: gcc
configure:2186: checking for C compiler version
configure:2189: gcc --version </dev/null >&5
gcc (Ubuntu 4.4.3-4ubuntu5) 4.4.3
Copyright (C) 2009 Free Software Foundation, Inc.
This is free software; see the source for copying conditions.  There is NO
warranty; not even for MERCHANTABILITY or FITNESS FOR A PARTICULAR PURPOSE.

configure:2192: $? = 0
configure:2194: gcc -v </dev/null >&5
Using built-in specs.
Target: i486-linux-gnu
Configured with: ../src/configure -v --with-pkgversion='Ubuntu 4.4.3-4ubuntu5' --with-bugurl=file:///usr/share/doc/gcc-4.4/README.Bugs --enable-languages=c,c++,fortran,objc,obj-c++ --prefix=/usr --enable-shared --enable-multiarch --enable-linker-build-id --with-system-zlib --libexecdir=/usr/lib --without-included-gettext --enable-threads=posix --with-gxx-include-dir=/usr/include/c++/4.4 --program-suffix=-4.4 --enable-nls --enable-clocale=gnu --enable-libstdcxx-debug --enable-plugin --enable-objc-gc --enable-targets=all --disable-werror --with-arch-32=i486 --with-tune=generic --enable-checking=release --build=i486-linux-gnu --host=i486-linux-gnu --target=i486-linux-gnu
Thread model: posix
gcc version 4.4.3 (Ubuntu 4.4.3-4ubuntu5) 
configure:2197: $? = 0
configure:2199: gcc -V </dev/null >&5
gcc: '-V' option must have argument
configure:2202: $? = 1
configure:2225: checking for C compiler default output file name
configure:2228: gcc    conftest.c  >&5
configure:2231: $? = 0
configure:2277: result: a.out
configure:2282: checking whether the C compiler works
configure:2288: ./a.out
configure:2291: $? = 0
configure:2308: result: yes
configure:2315: checking whether we are cross compiling
configure:2317: result: no
configure:2320: checking for suffix of executables
configure:2322: gcc -o conftest    conftest.c  >&5
configure:2325: $? = 0
configure:2350: result: 
configure:2356: checking for suffix of object files
configure:2377: gcc -c   conftest.c >&5
configure:2380: $? = 0
configure:2402: result: o
configure:2406: checking whether we are using the GNU C compiler
configure:2430: gcc -c   conftest.c >&5
configure:2436: $? = 0
configure:2439: test -z 			 || test ! -s conftest.err
configure:2442: $? = 0
configure:2445: test -s conftest.o
configure:2448: $? = 0
configure:2461: result: yes
configure:2467: checking whether gcc accepts -g
configure:2488: gcc -c -g  conftest.c >&5
configure:2494: $? = 0
configure:2497: test -z 			 || test ! -s conftest.err
configure:2500: $? = 0
configure:2503: test -s conftest.o
configure:2506: $? = 0
configure:2517: result: yes
configure:2534: checking for gcc option to accept ANSI C
configure:2604: gcc  -c -g -O2 -export-dynamic  conftest.c >&5
configure:2610: $? = 0
configure:2613: test -z 			 || test ! -s conftest.err
configure:2616: $? = 0
configure:2619: test -s conftest.o
configure:2622: $? = 0
configure:2640: result: none needed
configure:2658: gcc -c -g -O2 -export-dynamic  conftest.c >&5
conftest.c:2: error: expected '=', ',', ';', 'asm' or '__attribute__' before 'me'
configure:2664: $? = 1
configure: failed program was:
| #ifndef __cplusplus
|   choke me
| #endif
configure:2805: checking for style of include used by make
configure:2833: result: GNU
configure:2861: checking dependency style of gcc
configure:2944: result: gcc3
configure:2974: checking for a BSD-compatible install
configure:3029: result: /usr/bin/install -c
configure:3040: checking whether ln -s works
configure:3044: result: yes
configure:3054: checking for lyx
configure:3083: result: no
configure:3089: checking for latex2html
configure:3118: result: no
configure:3124: checking for sed
configure:3140: found /bin/sed
configure:3150: result: found
configure:3159: checking for tidy
configure:3188: result: no
configure:3218: TEXTUAL form of the documentation can NOT be made
configure:3253: checking for main in -lSDL
configure:3277: gcc -o conftest -g -O2 -export-dynamic   conftest.c -lSDL   >&5
configure:3283: $? = 0
configure:3286: test -z 			 || test ! -s conftest.err
configure:3289: $? = 0
configure:3292: test -s conftest
configure:3295: $? = 0
configure:3308: result: yes
configure:3319: checking for main in -lSDL_net
configure:3343: gcc -o conftest -g -O2 -export-dynamic   conftest.c -lSDL_net  -lSDL  >&5
configure:3349: $? = 0
configure:3352: test -z 			 || test ! -s conftest.err
configure:3355: $? = 0
configure:3358: test -s conftest
configure:3361: $? = 0
configure:3374: result: yes
configure:3387: checking for main in -lSDL_mixer
configure:3411: gcc -o conftest -g -O2 -export-dynamic   conftest.c -lSDL_mixer  -lSDL_net -lSDL  >&5
configure:3417: $? = 0
configure:3420: test -z 			 || test ! -s conftest.err
configure:3423: $? = 0
configure:3426: test -s conftest
configure:3429: $? = 0
configure:3442: result: yes
configure:3454: checking for main in -lvorbis
configure:3478: gcc -o conftest -g -O2 -export-dynamic   conftest.c -lvorbis  -lSDL_mixer -lSDL_net -lSDL  >&5
configure:3484: $? = 0
configure:3487: test -z 			 || test ! -s conftest.err
configure:3490: $? = 0
configure:3493: test -s conftest
configure:3496: $? = 0
configure:3509: result: yes
configure:3521: checking for main in -lvorbisfile
configure:3545: gcc -o conftest -g -O2 -export-dynamic   conftest.c -lvorbisfile  -lvorbis -lSDL_mixer -lSDL_net -lSDL  >&5
configure:3551: $? = 0
configure:3554: test -z 			 || test ! -s conftest.err
configure:3557: $? = 0
configure:3560: test -s conftest
configure:3563: $? = 0
configure:3576: result: yes
configure:3590: checking for main in -lz
configure:3614: gcc -o conftest -g -O2 -export-dynamic   conftest.c -lz  -lvorbisfile -lvorbis -lSDL_mixer -lSDL_net -lSDL  >&5
configure:3620: $? = 0
configure:3623: test -z 			 || test ! -s conftest.err
configure:3626: $? = 0
configure:3629: test -s conftest
configure:3632: $? = 0
configure:3645: result: yes
configure:3758: checking whether byte ordering is bigendian
configure:3785: gcc -c -g -O2 -export-dynamic  conftest.c >&5
configure:3791: $? = 0
configure:3794: test -z 			 || test ! -s conftest.err
configure:3797: $? = 0
configure:3800: test -s conftest.o
configure:3803: $? = 0
configure:3827: gcc -c -g -O2 -export-dynamic  conftest.c >&5
conftest.c: In function 'main':
conftest.c:24: error: 'not' undeclared (first use in this function)
conftest.c:24: error: (Each undeclared identifier is reported only once
conftest.c:24: error: for each function it appears in.)
conftest.c:24: error: expected ';' before 'big'
configure:3833: $? = 1
configure: failed program was:
| /* confdefs.h.  */
| 
| #define PACKAGE_NAME "hugo"
| #define PACKAGE_TARNAME "hugo"
| #define PACKAGE_VERSION "2.12"
| #define PACKAGE_STRING "hugo 2.12"
| #define PACKAGE_BUGREPORT "zeograd@zeograd.com"
| #define PACKAGE "hugo"
| #define VERSION "2.12"
| #define HAVE_LIBSDL 1
| #define HAVE_LIBSDL_NET 1
| #define HAVE_LIBSDL_MIXER 1
| #define HAVE_LIBVORBIS 1
| #define HAVE_LIBVORBISFILE 1
| #define HAVE_LIBZ 1
| /* end confdefs.h.  */
| #include <sys/types.h>
| #include <sys/param.h>
| 
| int
| main ()
| {
| #if BYTE_ORDER != BIG_ENDIAN
|  not big endian
| #endif
| 
|   ;
|   return 0;
| }
configure:3966: result: no
configure:4027: checking for sdl-config
configure:4045: found /usr/bin/sdl-config
configure:4058: result: /usr/bin/sdl-config
configure:4066: checking for SDL - version >= 0.11.0
configure:4156: gcc -o conftest -g -O2 -export-dynamic -I/usr/include/SDL -D_GNU_SOURCE=1 -D_REENTRANT   conftest.c -lvorbisfile -lvorbis -lSDL_mixer -lSDL_net -lSDL  -lz -L/usr/lib -lSDL >&5
configure:4159: $? = 0
configure:4161: ./conftest
configure:4164: $? = 0
configure:4182: result: yes
configure:4279: checking whether gui was asked
configure:4291: result: yes
configure:4316: checking for pkg-config
configure:4334: found /usr/bin/pkg-config
configure:4347: result: /usr/bin/pkg-config
configure:4368: checking for GTK+ - version >= 2.0.0
configure:4483: gcc -o conftest -g -O2 -export-dynamic -pthread -D_REENTRANT -I/usr/include/gtk-2.0 -I/usr/lib/gtk-2.0/include -I/usr/include/atk-1.0 -I/usr/include/cairo -I/usr/include/pango-1.0 -I/usr/include/gio-unix-2.0/ -I/usr/include/glib-2.0 -I/usr/lib/glib-2.0/include -I/usr/include/pixman-1 -I/usr/include/freetype2 -I/usr/include/directfb -I/usr/include/libpng12     conftest.c -pthread -lgtk-x11-2.0 -lgdk-x11-2.0 -latk-1.0 -lgio-2.0 -lpangoft2-1.0 -lgdk_pixbuf-2.0 -lm -lpangocairo-1.0 -lcairo -lpango-1.0 -lfreetype -lfontconfig -lgobject-2.0 -lgmodule-2.0 -lgthread-2.0 -lrt -lglib-2.0   -lvorbisfile -lvorbis -lSDL_mixer -lSDL_net -lSDL  -lz >&5
conftest.c: In function 'main':
conftest.c:28: warning: ignoring return value of 'system', declared with attribute warn_unused_result
configure:4486: $? = 0
configure:4488: ./conftest
configure:4491: $? = 0
configure:4509: result: yes (version 2.20.1)
configure:4650: checking how to run the C preprocessor
configure:4685: gcc -E  conftest.c
configure:4691: $? = 0
configure:4723: gcc -E  conftest.c
conftest.c:18:28: error: ac_nonexistent.h: No such file or directory
configure:4729: $? = 1
configure: failed program was:
| /* confdefs.h.  */
| 
| #define PACKAGE_NAME "hugo"
| #define PACKAGE_TARNAME "hugo"
| #define PACKAGE_VERSION "2.12"
| #define PACKAGE_STRING "hugo 2.12"
| #define PACKAGE_BUGREPORT "zeograd@zeograd.com"
| #define PACKAGE "hugo"
| #define VERSION "2.12"
| #define HAVE_LIBSDL 1
| #define HAVE_LIBSDL_NET 1
| #define HAVE_LIBSDL_MIXER 1
| #define HAVE_LIBVORBIS 1
| #define HAVE_LIBVORBISFILE 1
| #define HAVE_LIBZ 1
| #define GTK 2
| /* end confdefs.h.  */
| #include <ac_nonexistent.h>
configure:4768: result: gcc -E
configure:4792: gcc -E  conftest.c
configure:4798: $? = 0
configure:4830: gcc -E  conftest.c
conftest.c:18:28: error: ac_nonexistent.h: No such file or directory
configure:4836: $? = 1
configure: failed program was:
| /* confdefs.h.  */
| 
| #define PACKAGE_NAME "hugo"
| #define PACKAGE_TARNAME "hugo"
| #define PACKAGE_VERSION "2.12"
| #define PACKAGE_STRING "hugo 2.12"
| #define PACKAGE_BUGREPORT "zeograd@zeograd.com"
| #define PACKAGE "hugo"
| #define VERSION "2.12"
| #define HAVE_LIBSDL 1
| #define HAVE_LIBSDL_NET 1
| #define HAVE_LIBSDL_MIXER 1
| #define HAVE_LIBVORBIS 1
| #define HAVE_LIBVORBISFILE 1
| #define HAVE_LIBZ 1
| #define GTK 2
| /* end confdefs.h.  */
| #include <ac_nonexistent.h>
configure:4880: checking for egrep
configure:4890: result: grep -E
configure:4895: checking for ANSI C header files
configure:4920: gcc -c -g -O2 -export-dynamic  conftest.c >&5
configure:4926: $? = 0
configure:4929: test -z 			 || test ! -s conftest.err
configure:4932: $? = 0
configure:4935: test -s conftest.o
configure:4938: $? = 0
configure:5027: gcc -o conftest -g -O2 -export-dynamic   conftest.c -lvorbisfile -lvorbis -lSDL_mixer -lSDL_net -lSDL  -lz >&5
conftest.c: In function 'main':
conftest.c:35: warning: incompatible implicit declaration of built-in function 'exit'
configure:5030: $? = 0
configure:5032: ./conftest
configure:5035: $? = 0
configure:5050: result: yes
configure:5074: checking for sys/types.h
configure:5090: gcc -c -g -O2 -export-dynamic  conftest.c >&5
configure:5096: $? = 0
configure:5099: test -z 			 || test ! -s conftest.err
configure:5102: $? = 0
configure:5105: test -s conftest.o
configure:5108: $? = 0
configure:5119: result: yes
configure:5074: checking for sys/stat.h
configure:5090: gcc -c -g -O2 -export-dynamic  conftest.c >&5
configure:5096: $? = 0
configure:5099: test -z 			 || test ! -s conftest.err
configure:5102: $? = 0
configure:5105: test -s conftest.o
configure:5108: $? = 0
configure:5119: result: yes
configure:5074: checking for stdlib.h
configure:5090: gcc -c -g -O2 -export-dynamic  conftest.c >&5
configure:5096: $? = 0
configure:5099: test -z 			 || test ! -s conftest.err
configure:5102: $? = 0
configure:5105: test -s conftest.o
configure:5108: $? = 0
configure:5119: result: yes
configure:5074: checking for string.h
configure:5090: gcc -c -g -O2 -export-dynamic  conftest.c >&5
configure:5096: $? = 0
configure:5099: test -z 			 || test ! -s conftest.err
configure:5102: $? = 0
configure:5105: test -s conftest.o
configure:5108: $? = 0
configure:5119: result: yes
configure:5074: checking for memory.h
configure:5090: gcc -c -g -O2 -export-dynamic  conftest.c >&5
configure:5096: $? = 0
configure:5099: test -z 			 || test ! -s conftest.err
configure:5102: $? = 0
configure:5105: test -s conftest.o
configure:5108: $? = 0
configure:5119: result: yes
configure:5074: checking for strings.h
configure:5090: gcc -c -g -O2 -export-dynamic  conftest.c >&5
configure:5096: $? = 0
configure:5099: test -z 			 || test ! -s conftest.err
configure:5102: $? = 0
configure:5105: test -s conftest.o
configure:5108: $? = 0
configure:5119: result: yes
configure:5074: checking for inttypes.h
configure:5090: gcc -c -g -O2 -export-dynamic  conftest.c >&5
configure:5096: $? = 0
configure:5099: test -z 			 || test ! -s conftest.err
configure:5102: $? = 0
configure:5105: test -s conftest.o
configure:5108: $? = 0
configure:5119: result: yes
configure:5074: checking for stdint.h
configure:5090: gcc -c -g -O2 -export-dynamic  conftest.c >&5
configure:5096: $? = 0
configure:5099: test -z 			 || test ! -s conftest.err
configure:5102: $? = 0
configure:5105: test -s conftest.o
configure:5108: $? = 0
configure:5119: result: yes
configure:5074: checking for unistd.h
configure:5090: gcc -c -g -O2 -export-dynamic  conftest.c >&5
configure:5096: $? = 0
configure:5099: test -z 			 || test ! -s conftest.err
configure:5102: $? = 0
configure:5105: test -s conftest.o
configure:5108: $? = 0
configure:5119: result: yes
configure:5151: checking fcntl.h usability
configure:5163: gcc -c -g -O2 -export-dynamic  conftest.c >&5
configure:5169: $? = 0
configure:5172: test -z 			 || test ! -s conftest.err
configure:5175: $? = 0
configure:5178: test -s conftest.o
configure:5181: $? = 0
configure:5191: result: yes
configure:5195: checking fcntl.h presence
configure:5205: gcc -E  conftest.c
configure:5211: $? = 0
configure:5231: result: yes
configure:5266: checking for fcntl.h
configure:5273: result: yes
configure:5151: checking limits.h usability
configure:5163: gcc -c -g -O2 -export-dynamic  conftest.c >&5
configure:5169: $? = 0
configure:5172: test -z 			 || test ! -s conftest.err
configure:5175: $? = 0
configure:5178: test -s conftest.o
configure:5181: $? = 0
configure:5191: result: yes
configure:5195: checking limits.h presence
configure:5205: gcc -E  conftest.c
configure:5211: $? = 0
configure:5231: result: yes
configure:5266: checking for limits.h
configure:5273: result: yes
configure:5142: checking for stdlib.h
configure:5147: result: yes
configure:5142: checking for string.h
configure:5147: result: yes
configure:5151: checking sys/ioctl.h usability
configure:5163: gcc -c -g -O2 -export-dynamic  conftest.c >&5
configure:5169: $? = 0
configure:5172: test -z 			 || test ! -s conftest.err
configure:5175: $? = 0
configure:5178: test -s conftest.o
configure:5181: $? = 0
configure:5191: result: yes
configure:5195: checking sys/ioctl.h presence
configure:5205: gcc -E  conftest.c
configure:5211: $? = 0
configure:5231: result: yes
configure:5266: checking for sys/ioctl.h
configure:5273: result: yes
configure:5151: checking sys/param.h usability
configure:5163: gcc -c -g -O2 -export-dynamic  conftest.c >&5
configure:5169: $? = 0
configure:5172: test -z 			 || test ! -s conftest.err
configure:5175: $? = 0
configure:5178: test -s conftest.o
configure:5181: $? = 0
configure:5191: result: yes
configure:5195: checking sys/param.h presence
configure:5205: gcc -E  conftest.c
configure:5211: $? = 0
configure:5231: result: yes
configure:5266: checking for sys/param.h
configure:5273: result: yes
configure:5142: checking for unistd.h
configure:5147: result: yes
configure:5288: checking for an ANSI C-conforming const
configure:5355: gcc -c -g -O2 -export-dynamic  conftest.c >&5
configure:5361: $? = 0
configure:5364: test -z 			 || test ! -s conftest.err
configure:5367: $? = 0
configure:5370: test -s conftest.o
configure:5373: $? = 0
configure:5384: result: yes
configure:5394: checking for inline
configure:5415: gcc -c -g -O2 -export-dynamic  conftest.c >&5
configure:5421: $? = 0
configure:5424: test -z 			 || test ! -s conftest.err
configure:5427: $? = 0
configure:5430: test -s conftest.o
configure:5433: $? = 0
configure:5445: result: inline
configure:5464: checking whether time.h and sys/time.h may both be included
configure:5489: gcc -c -g -O2 -export-dynamic  conftest.c >&5
configure:5495: $? = 0
configure:5498: test -z 			 || test ! -s conftest.err
configure:5501: $? = 0
configure:5504: test -s conftest.o
configure:5507: $? = 0
configure:5518: result: yes
configure:5532: checking for working alloca.h
configure:5553: gcc -o conftest -g -O2 -export-dynamic   conftest.c -lvorbisfile -lvorbis -lSDL_mixer -lSDL_net -lSDL  -lz >&5
configure:5559: $? = 0
configure:5562: test -z 			 || test ! -s conftest.err
configure:5565: $? = 0
configure:5568: test -s conftest
configure:5571: $? = 0
configure:5583: result: yes
configure:5593: checking for alloca
configure:5634: gcc -o conftest -g -O2 -export-dynamic   conftest.c -lvorbisfile -lvorbis -lSDL_mixer -lSDL_net -lSDL  -lz >&5
configure:5640: $? = 0
configure:5643: test -z 			 || test ! -s conftest.err
configure:5646: $? = 0
configure:5649: test -s conftest
configure:5652: $? = 0
configure:5664: result: yes
configure:5887: checking whether gcc needs -traditional
configure:5929: result: no
configure:5941: checking for vprintf
configure:5998: gcc -o conftest -g -O2 -export-dynamic   conftest.c -lvorbisfile -lvorbis -lSDL_mixer -lSDL_net -lSDL  -lz >&5
conftest.c:62: warning: conflicting types for built-in function 'vprintf'
configure:6004: $? = 0
configure:6007: test -z 			 || test ! -s conftest.err
configure:6010: $? = 0
configure:6013: test -s conftest
configure:6016: $? = 0
configure:6028: result: yes
configure:6035: checking for _doprnt
configure:6092: gcc -o conftest -g -O2 -export-dynamic   conftest.c -lvorbisfile -lvorbis -lSDL_mixer -lSDL_net -lSDL  -lz >&5
/tmp/ccXxkhuE.o: In function `main':
/home/bryan/Documents/Misc. Programs/hugo-2.12/conftest.c:78: undefined reference to `_doprnt'
/tmp/ccXxkhuE.o:(.data+0x0): undefined reference to `_doprnt'
collect2: ld returned 1 exit status
configure:6098: $? = 1
configure: failed program was:
| /* confdefs.h.  */
| 
| #define PACKAGE_NAME "hugo"
| #define PACKAGE_TARNAME "hugo"
| #define PACKAGE_VERSION "2.12"
| #define PACKAGE_STRING "hugo 2.12"
| #define PACKAGE_BUGREPORT "zeograd@zeograd.com"
| #define PACKAGE "hugo"
| #define VERSION "2.12"
| #define HAVE_LIBSDL 1
| #define HAVE_LIBSDL_NET 1
| #define HAVE_LIBSDL_MIXER 1
| #define HAVE_LIBVORBIS 1
| #define HAVE_LIBVORBISFILE 1
| #define HAVE_LIBZ 1
| #define GTK 2
| #define STDC_HEADERS 1
| #define HAVE_SYS_TYPES_H 1
| #define HAVE_SYS_STAT_H 1
| #define HAVE_STDLIB_H 1
| #define HAVE_STRING_H 1
| #define HAVE_MEMORY_H 1
| #define HAVE_STRINGS_H 1
| #define HAVE_INTTYPES_H 1
| #define HAVE_STDINT_H 1
| #define HAVE_UNISTD_H 1
| #define HAVE_FCNTL_H 1
| #define HAVE_LIMITS_H 1
| #define HAVE_STDLIB_H 1
| #define HAVE_STRING_H 1
| #define HAVE_SYS_IOCTL_H 1
| #define HAVE_SYS_PARAM_H 1
| #define HAVE_UNISTD_H 1
| #define TIME_WITH_SYS_TIME 1
| #define HAVE_ALLOCA_H 1
| #define HAVE_ALLOCA 1
| #define HAVE_VPRINTF 1
| /* end confdefs.h.  */
| /* Define _doprnt to an innocuous variant, in case <limits.h> declares _doprnt.
|    For example, HP-UX 11i <limits.h> declares gettimeofday.  */
| #define _doprnt innocuous__doprnt
| 
| /* System header to define __stub macros and hopefully few prototypes,
|     which can conflict with char _doprnt (); below.
|     Prefer <limits.h> to <assert.h> if __STDC__ is defined, since
|     <limits.h> exists even on freestanding compilers.  */
| 
| #ifdef __STDC__
| # include <limits.h>
| #else
| # include <assert.h>
| #endif
| 
| #undef _doprnt
| 
| /* Override any gcc2 internal prototype to avoid an error.  */
| #ifdef __cplusplus
| extern "C"
| {
| #endif
| /* We use char because int might match the return type of a gcc2
|    builtin and then its argument prototype would still apply.  */
| char _doprnt ();
| /* The GNU C library defines this for functions which it implements
|     to always fail with ENOSYS.  Some functions are actually named
|     something starting with __ and the normal name is an alias.  */
| #if defined (__stub__doprnt) || defined (__stub____doprnt)
| choke me
| #else
| char (*f) () = _doprnt;
| #endif
| #ifdef __cplusplus
| }
| #endif
| 
| int
| main ()
| {
| return f != _doprnt;
|   ;
|   return 0;
| }
configure:6122: result: no
configure:6150: checking for atexit
configure:6207: gcc -o conftest -g -O2 -export-dynamic   conftest.c -lvorbisfile -lvorbis -lSDL_mixer -lSDL_net -lSDL  -lz >&5
configure:6213: $? = 0
configure:6216: test -z 			 || test ! -s conftest.err
configure:6219: $? = 0
configure:6222: test -s conftest
configure:6225: $? = 0
configure:6237: result: yes
configure:6150: checking for bzero
configure:6207: gcc -o conftest -g -O2 -export-dynamic   conftest.c -lvorbisfile -lvorbis -lSDL_mixer -lSDL_net -lSDL  -lz >&5
conftest.c:64: warning: conflicting types for built-in function 'bzero'
configure:6213: $? = 0
configure:6216: test -z 			 || test ! -s conftest.err
configure:6219: $? = 0
configure:6222: test -s conftest
configure:6225: $? = 0
configure:6237: result: yes
configure:6150: checking for dup2
configure:6207: gcc -o conftest -g -O2 -export-dynamic   conftest.c -lvorbisfile -lvorbis -lSDL_mixer -lSDL_net -lSDL  -lz >&5
configure:6213: $? = 0
configure:6216: test -z 			 || test ! -s conftest.err
configure:6219: $? = 0
configure:6222: test -s conftest
configure:6225: $? = 0
configure:6237: result: yes
configure:6150: checking for gettimeofday
configure:6207: gcc -o conftest -g -O2 -export-dynamic   conftest.c -lvorbisfile -lvorbis -lSDL_mixer -lSDL_net -lSDL  -lz >&5
configure:6213: $? = 0
configure:6216: test -z 			 || test ! -s conftest.err
configure:6219: $? = 0
configure:6222: test -s conftest
configure:6225: $? = 0
configure:6237: result: yes
configure:6150: checking for memset
configure:6207: gcc -o conftest -g -O2 -export-dynamic   conftest.c -lvorbisfile -lvorbis -lSDL_mixer -lSDL_net -lSDL  -lz >&5
conftest.c:67: warning: conflicting types for built-in function 'memset'
configure:6213: $? = 0
configure:6216: test -z 			 || test ! -s conftest.err
configure:6219: $? = 0
configure:6222: test -s conftest
configure:6225: $? = 0
configure:6237: result: yes
configure:6150: checking for mkdir
configure:6207: gcc -o conftest -g -O2 -export-dynamic   conftest.c -lvorbisfile -lvorbis -lSDL_mixer -lSDL_net -lSDL  -lz >&5
configure:6213: $? = 0
configure:6216: test -z 			 || test ! -s conftest.err
configure:6219: $? = 0
configure:6222: test -s conftest
configure:6225: $? = 0
configure:6237: result: yes
configure:6150: checking for select
configure:6207: gcc -o conftest -g -O2 -export-dynamic   conftest.c -lvorbisfile -lvorbis -lSDL_mixer -lSDL_net -lSDL  -lz >&5
configure:6213: $? = 0
configure:6216: test -z 			 || test ! -s conftest.err
configure:6219: $? = 0
configure:6222: test -s conftest
configure:6225: $? = 0
configure:6237: result: yes
configure:6150: checking for strchr
configure:6207: gcc -o conftest -g -O2 -export-dynamic   conftest.c -lvorbisfile -lvorbis -lSDL_mixer -lSDL_net -lSDL  -lz >&5
conftest.c:70: warning: conflicting types for built-in function 'strchr'
configure:6213: $? = 0
configure:6216: test -z 			 || test ! -s conftest.err
configure:6219: $? = 0
configure:6222: test -s conftest
configure:6225: $? = 0
configure:6237: result: yes
configure:6150: checking for strdup
configure:6207: gcc -o conftest -g -O2 -export-dynamic   conftest.c -lvorbisfile -lvorbis -lSDL_mixer -lSDL_net -lSDL  -lz >&5
conftest.c:71: warning: conflicting types for built-in function 'strdup'
configure:6213: $? = 0
configure:6216: test -z 			 || test ! -s conftest.err
configure:6219: $? = 0
configure:6222: test -s conftest
configure:6225: $? = 0
configure:6237: result: yes
configure:6150: checking for strrchr
configure:6207: gcc -o conftest -g -O2 -export-dynamic   conftest.c -lvorbisfile -lvorbis -lSDL_mixer -lSDL_net -lSDL  -lz >&5
conftest.c:72: warning: conflicting types for built-in function 'strrchr'
configure:6213: $? = 0
configure:6216: test -z 			 || test ! -s conftest.err
configure:6219: $? = 0
configure:6222: test -s conftest
configure:6225: $? = 0
configure:6237: result: yes
configure:6150: checking for strstr
configure:6207: gcc -o conftest -g -O2 -export-dynamic   conftest.c -lvorbisfile -lvorbis -lSDL_mixer -lSDL_net -lSDL  -lz >&5
conftest.c:73: warning: conflicting types for built-in function 'strstr'
configure:6213: $? = 0
configure:6216: test -z 			 || test ! -s conftest.err
configure:6219: $? = 0
configure:6222: test -s conftest
configure:6225: $? = 0
configure:6237: result: yes
configure:6250: checking for char
configure:6274: gcc -c -g -O2 -export-dynamic  conftest.c >&5
configure:6280: $? = 0
configure:6283: test -z 			 || test ! -s conftest.err
configure:6286: $? = 0
configure:6289: test -s conftest.o
configure:6292: $? = 0
configure:6303: result: yes
configure:6306: checking size of char
configure:6618: gcc -o conftest -g -O2 -export-dynamic   conftest.c -lvorbisfile -lvorbis -lSDL_mixer -lSDL_net -lSDL  -lz >&5
configure:6621: $? = 0
configure:6623: ./conftest
configure:6626: $? = 0
configure:6649: result: 1
configure:6656: checking for short int
configure:6680: gcc -c -g -O2 -export-dynamic  conftest.c >&5
configure:6686: $? = 0
configure:6689: test -z 			 || test ! -s conftest.err
configure:6692: $? = 0
configure:6695: test -s conftest.o
configure:6698: $? = 0
configure:6709: result: yes
configure:6712: checking size of short int
configure:7024: gcc -o conftest -g -O2 -export-dynamic   conftest.c -lvorbisfile -lvorbis -lSDL_mixer -lSDL_net -lSDL  -lz >&5
configure:7027: $? = 0
configure:7029: ./conftest
configure:7032: $? = 0
configure:7055: result: 2
configure:7062: checking for int
configure:7086: gcc -c -g -O2 -export-dynamic  conftest.c >&5
configure:7092: $? = 0
configure:7095: test -z 			 || test ! -s conftest.err
configure:7098: $? = 0
configure:7101: test -s conftest.o
configure:7104: $? = 0
configure:7115: result: yes
configure:7118: checking size of int
configure:7430: gcc -o conftest -g -O2 -export-dynamic   conftest.c -lvorbisfile -lvorbis -lSDL_mixer -lSDL_net -lSDL  -lz >&5
configure:7433: $? = 0
configure:7435: ./conftest
configure:7438: $? = 0
configure:7461: result: 4
configure:7468: checking for long int
configure:7492: gcc -c -g -O2 -export-dynamic  conftest.c >&5
configure:7498: $? = 0
configure:7501: test -z 			 || test ! -s conftest.err
configure:7504: $? = 0
configure:7507: test -s conftest.o
configure:7510: $? = 0
configure:7521: result: yes
configure:7524: checking size of long int
configure:7836: gcc -o conftest -g -O2 -export-dynamic   conftest.c -lvorbisfile -lvorbis -lSDL_mixer -lSDL_net -lSDL  -lz >&5
configure:7839: $? = 0
configure:7841: ./conftest
configure:7844: $? = 0
configure:7867: result: 4
configure:7877: checking whether netplay support was asked
configure:7922: result: yes
configure:7963: checking which version of hugo kernel was asked
configure:7983: result: yes
configure:7995: checking shared memory openness
configure:8020: result: no
configure:8027: checking new gfx engine
configure:8047: result: yes
configure:8061: checking for debug version
configure:8078: result: no
configure:8089: checking for cd debug version
configure:8108: result: no
configure:8116: checking for sound debug version
configure:8135: result: no
configure:8143: checking for gfx debug version
configure:8162: result: no
configure:8171: checking for input debug version
configure:8190: result: no
configure:8198: checking for kernel debug version
configure:8217: result: no
configure:8225: checking for netplay debug version
configure:8244: result: no
configure:8252: checking for bsd pc engine cd version
configure:8268: result: yes
configure:8279: checking for SDL library version
configure:8296: result: yes
configure:8330: result: no
configure:8362: result: no
configure:8370: checking for test relocated rom version
configure:8389: result: no
configure:8398: checking for inlined accessors version
configure:8417: result: no
configure:8425: no target explicitely given, guessing
configure:8430: result: i686-Linux
configure:9076: creating ./config.status

## ---------------- ##
## Cache variables. ##
## ---------------- ##

ac_cv_build=i686-pc-linux-gnu
ac_cv_build_alias=i686-pc-linux-gnu
ac_cv_c_bigendian=no
ac_cv_c_compiler_gnu=yes
ac_cv_c_const=yes
ac_cv_c_inline=inline
ac_cv_env_CC_set=
ac_cv_env_CC_value=
ac_cv_env_CFLAGS_set=
ac_cv_env_CFLAGS_value=
ac_cv_env_CPPFLAGS_set=
ac_cv_env_CPPFLAGS_value=
ac_cv_env_CPP_set=
ac_cv_env_CPP_value=
ac_cv_env_LDFLAGS_set=
ac_cv_env_LDFLAGS_value=
ac_cv_env_build_alias_set=
ac_cv_env_build_alias_value=
ac_cv_env_host_alias_set=
ac_cv_env_host_alias_value=
ac_cv_env_target_alias_set=
ac_cv_env_target_alias_value=
ac_cv_exeext=
ac_cv_func__doprnt=no
ac_cv_func_alloca_works=yes
ac_cv_func_atexit=yes
ac_cv_func_bzero=yes
ac_cv_func_dup2=yes
ac_cv_func_gettimeofday=yes
ac_cv_func_memset=yes
ac_cv_func_mkdir=yes
ac_cv_func_select=yes
ac_cv_func_strchr=yes
ac_cv_func_strdup=yes
ac_cv_func_strrchr=yes
ac_cv_func_strstr=yes
ac_cv_func_vprintf=yes
ac_cv_header_fcntl_h=yes
ac_cv_header_inttypes_h=yes
ac_cv_header_limits_h=yes
ac_cv_header_memory_h=yes
ac_cv_header_stdc=yes
ac_cv_header_stdint_h=yes
ac_cv_header_stdlib_h=yes
ac_cv_header_string_h=yes
ac_cv_header_strings_h=yes
ac_cv_header_sys_ioctl_h=yes
ac_cv_header_sys_param_h=yes
ac_cv_header_sys_stat_h=yes
ac_cv_header_sys_types_h=yes
ac_cv_header_time=yes
ac_cv_header_unistd_h=yes
ac_cv_host=i686-pc-linux-gnu
ac_cv_host_alias=i686-pc-linux-gnu
ac_cv_lib_SDL_main=yes
ac_cv_lib_SDL_mixer_main=yes
ac_cv_lib_SDL_net_main=yes
ac_cv_lib_vorbis_main=yes
ac_cv_lib_vorbisfile_main=yes
ac_cv_lib_z_main=yes
ac_cv_objext=o
ac_cv_path_PKG_CONFIG=/usr/bin/pkg-config
ac_cv_path_SDL_CONFIG=/usr/bin/sdl-config
ac_cv_path_install='/usr/bin/install -c'
ac_cv_prog_AWK=gawk
ac_cv_prog_CPP='gcc -E'
ac_cv_prog_HAVE_SED=found
ac_cv_prog_ac_ct_CC=gcc
ac_cv_prog_cc_g=yes
ac_cv_prog_cc_stdc=
ac_cv_prog_egrep='grep -E'
ac_cv_prog_gcc_traditional=no
ac_cv_prog_make_make_set=yes
ac_cv_sizeof_char=1
ac_cv_sizeof_int=4
ac_cv_sizeof_long_int=4
ac_cv_sizeof_short_int=2
ac_cv_target=i686-pc-linux-gnu
ac_cv_target_alias=i686-pc-linux-gnu
ac_cv_type_char=yes
ac_cv_type_int=yes
ac_cv_type_long_int=yes
ac_cv_type_short_int=yes
ac_cv_working_alloca_h=yes
am_cv_CC_dependencies_compiler_type=gcc3

## ----------------- ##
## Output variables. ##
## ----------------- ##

ACLOCAL='aclocal-1.7'
ALLEGRO_DJGPP_FALSE=''
ALLEGRO_DJGPP_TRUE='#'
ALLEGRO_LINUX_FALSE=''
ALLEGRO_LINUX_TRUE='#'
ALLEGRO_WIN32_FALSE=''
ALLEGRO_WIN32_TRUE='#'
ALLOCA=''
AMDEPBACKSLASH='\'
AMDEP_FALSE='#'
AMDEP_TRUE=''
AMTAR='tar'
AUTOCONF='autoconf'
AUTOHEADER='autoheader'
AUTOMAKE='automake-1.7'
AVAILABLE_DOC_TARGETS=''
AWK='gawk'
CC='gcc'
CCDEPMODE='depmode=gcc3'
CFLAGS='-g -O2 -export-dynamic -I/usr/include/SDL -D_GNU_SOURCE=1 -D_REENTRANT'
CPP='gcc -E'
CPPFLAGS=''
CYGPATH_W='echo'
DEFS='-DHAVE_CONFIG_H'
DEPDIR='.deps'
ECHO_C=''
ECHO_N='-n'
ECHO_T=''
EGREP='grep -E'
EXEEXT=''
GTK_CFLAGS='-pthread -D_REENTRANT -I/usr/include/gtk-2.0 -I/usr/lib/gtk-2.0/include -I/usr/include/atk-1.0 -I/usr/include/cairo -I/usr/include/pango-1.0 -I/usr/include/gio-unix-2.0/ -I/usr/include/glib-2.0 -I/usr/lib/glib-2.0/include -I/usr/include/pixman-1 -I/usr/include/freetype2 -I/usr/include/directfb -I/usr/include/libpng12  '
GTK_FALSE='#'
GTK_LIBS='-pthread -lgtk-x11-2.0 -lgdk-x11-2.0 -latk-1.0 -lgio-2.0 -lpangoft2-1.0 -lgdk_pixbuf-2.0 -lm -lpangocairo-1.0 -lcairo -lpango-1.0 -lfreetype -lfontconfig -lgobject-2.0 -lgmodule-2.0 -lgthread-2.0 -lrt -lglib-2.0  '
GTK_TRUE=''
HAVE_LATEX2HTML=''
HAVE_LYX=''
HAVE_SED='found'
HAVE_TIDY=''
HAVE_TOOLS_FOR_HTML_DOC_FALSE=''
HAVE_TOOLS_FOR_HTML_DOC_TRUE='#'
HAVE_TOOLS_FOR_TXT_DOC_FALSE=''
HAVE_TOOLS_FOR_TXT_DOC_TRUE='#'
HUGO_TARGET_LIBRARY=''
HUGO_TARGET_LIBRARY_LD=''
HUGO_TARGET_MACHINE='LINUX'
INSTALL_DATA='${INSTALL} -m 644'
INSTALL_PROGRAM='${INSTALL}'
INSTALL_SCRIPT='${INSTALL}'
INSTALL_STRIP_PROGRAM='${SHELL} $(install_sh) -c -s'
LDFLAGS=''
LIBOBJS=''
LIBS='-lvorbisfile -lvorbis -lSDL_mixer -lSDL_net -lSDL  -lz -L/usr/lib -lSDL'
LN_S='ln -s'
LTLIBOBJS=''
MAINT='#'
MAINTAINER_MODE_FALSE=''
MAINTAINER_MODE_TRUE='#'
MAKEINFO='makeinfo'
NETPLAY_FALSE='#'
NETPLAY_TRUE=''
OBJEXT='o'
PACKAGE='hugo'
PACKAGE_BUGREPORT='zeograd@zeograd.com'
PACKAGE_NAME='hugo'
PACKAGE_STRING='hugo 2.12'
PACKAGE_TARNAME='hugo'
PACKAGE_VERSION='2.12'
PATH_SEPARATOR=':'
PKG_CONFIG='/usr/bin/pkg-config'
SDL_CFLAGS='-I/usr/include/SDL -D_GNU_SOURCE=1 -D_REENTRANT'
SDL_CONFIG='/usr/bin/sdl-config'
SDL_FREEBSD_FALSE=''
SDL_FREEBSD_TRUE='#'
SDL_LIBS='-L/usr/lib -lSDL'
SDL_LINUX_FALSE='#'
SDL_LINUX_TRUE=''
SDL_MIXER_LINUX_FALSE=''
SDL_MIXER_LINUX_TRUE='#'
SDL_NET_LINUX_FALSE=''
SDL_NET_LINUX_TRUE='#'
SDL_SOLARIS_FALSE=''
SDL_SOLARIS_TRUE='#'
SDL_WIN32_FALSE=''
SDL_WIN32_TRUE='#'
SET_MAKE=''
SHELL='/bin/sh'
STRIP=''
VERSION='2.12'
ZE_HCD_OGG_SUPPORT_FALSE=''
ZE_HCD_OGG_SUPPORT_TRUE='#'
ZLIB_FALSE='#'
ZLIB_TRUE=''
ac_ct_CC='gcc'
ac_ct_STRIP=''
am__fastdepCC_FALSE='#'
am__fastdepCC_TRUE=''
am__include='include'
am__leading_dot='.'
am__quote=''
bindir='${exec_prefix}/bin'
build='i686-pc-linux-gnu'
build_alias=''
build_cpu='i686'
build_os='linux-gnu'
build_vendor='pc'
datadir='${prefix}/share'
exec_prefix='${prefix}'
host='i686-pc-linux-gnu'
host_alias=''
host_cpu='i686'
host_os='linux-gnu'
host_vendor='pc'
includedir='${prefix}/include'
infodir='${prefix}/info'
install_sh='/home/bryan/Documents/Misc. Programs/hugo-2.12/install-sh'
libdir='${exec_prefix}/lib'
libexecdir='${exec_prefix}/libexec'
localstatedir='${prefix}/var'
mandir='${prefix}/man'
oldincludedir='/usr/include'
prefix='/usr/local'
program_transform_name='s,x,x,'
sbindir='${exec_prefix}/sbin'
sharedstatedir='${prefix}/com'
sysconfdir='${prefix}/etc'
target='i686-pc-linux-gnu'
target_alias='i686-Linux'
target_cpu='i686'
target_os='linux-gnu'
target_vendor='pc'

## ----------- ##
## confdefs.h. ##
## ----------- ##

#define BSD_CD_HARDWARE_SUPPORT 1
#define ENABLE_NETPLAY 1
#define FINAL_RELEASE 1
#define GTK 2
#define HAVE_ALLOCA 1
#define HAVE_ALLOCA_H 1
#define HAVE_ATEXIT 1
#define HAVE_BZERO 1
#define HAVE_DUP2 1
#define HAVE_FCNTL_H 1
#define HAVE_GETTIMEOFDAY 1
#define HAVE_INTTYPES_H 1
#define HAVE_LIBSDL 1
#define HAVE_LIBSDL_MIXER 1
#define HAVE_LIBSDL_NET 1
#define HAVE_LIBVORBIS 1
#define HAVE_LIBVORBISFILE 1
#define HAVE_LIBZ 1
#define HAVE_LIMITS_H 1
#define HAVE_MEMORY_H 1
#define HAVE_MEMSET 1
#define HAVE_MKDIR 1
#define HAVE_SELECT 1
#define HAVE_STDINT_H 1
#define HAVE_STDLIB_H 1
#define HAVE_STDLIB_H 1
#define HAVE_STRCHR 1
#define HAVE_STRDUP 1
#define HAVE_STRINGS_H 1
#define HAVE_STRING_H 1
#define HAVE_STRING_H 1
#define HAVE_STRRCHR 1
#define HAVE_STRSTR 1
#define HAVE_SYS_IOCTL_H 1
#define HAVE_SYS_PARAM_H 1
#define HAVE_SYS_STAT_H 1
#define HAVE_SYS_TYPES_H 1
#define HAVE_UNISTD_H 1
#define HAVE_UNISTD_H 1
#define HAVE_VPRINTF 1
#define KERNEL_DS 1
#define NEW_GFX_ENGINE 1
#define PACKAGE "hugo"
#define PACKAGE_BUGREPORT "zeograd@zeograd.com"
#define PACKAGE_DATA_DIR "/usr/local/share/hugo"
#define PACKAGE_NAME "hugo"
#define PACKAGE_STRING "hugo 2.12"
#define PACKAGE_TARNAME "hugo"
#define PACKAGE_VERSION "2.12"
#define SDL 1
#define SIZEOF_CHAR 1
#define SIZEOF_INT 4
#define SIZEOF_LONG_INT 4
#define SIZEOF_SHORT_INT 2
#define STDC_HEADERS 1
#define TIME_WITH_SYS_TIME 1
#define VERSION "2.12"

configure: exit 0

## ---------------------- ##
## Running config.status. ##
## ---------------------- ##

This file was extended by hugo config.status 2.12, which was
generated by GNU Autoconf 2.59.  Invocation command line was

  CONFIG_FILES    = 
  CONFIG_HEADERS  = 
  CONFIG_LINKS    = 
  CONFIG_COMMANDS = 
  $ ./config.status config.h

on ubuntu

config.status:852: creating config.h
config.status:1056: config.h is unchanged
